<?xml version="1.0" encoding="UTF-8"?>
<!-- Generated by org.testng.reporters.JUnitXMLReporter -->
<testsuite ignored="0" hostname="U5-DPE-CPB-0221" failures="1" tests="1" name="chrome" time="0.005" errors="0" timestamp="29 Apr 2019 09:34:57 GMT">
  <testcase classname="servicetester.test.SampleTest" name="OpenBrowser" time="0.0">
    <failure type="org.testng.TestNGException" message="
Method public void servicetester.test.SampleTest.OpenBrowser(java.lang.String) requires a @DataProvider named : BrowserName in class servicetester.test.dataProvider_Repository">
      <![CDATA[org.testng.TestNGException: 
Method public void servicetester.test.SampleTest.OpenBrowser(java.lang.String) requires a @DataProvider named : BrowserName in class servicetester.test.dataProvider_Repository
... Removed 22 stack frames]]>
    </failure>
  </testcase> <!-- OpenBrowser -->
</testsuite> <!-- chrome -->
