<?xml version="1.0" encoding="UTF-8"?>
<!-- Generated by org.testng.reporters.JUnitXMLReporter -->
<testsuite ignored="0" hostname="U5-DPE-CPB-0221" failures="0" tests="6" name="Test" time="4.572" errors="0" timestamp="17 May 2019 07:14:10 GMT">
  <testcase classname="servicetester.test.DataDriverTest" name="soaprequest_response_compare_validation" time="0.034"/>
  <testcase classname="servicetester.test.DataDriverTest" name="soaprequest_response_compare_validation" time="0.007"/>
  <testcase classname="servicetester.test.DataDriverTest" name="soaprequest_response_statuscode_validation" time="2.595"/>
  <testcase classname="servicetester.test.DataDriverTest" name="soaprequest_response_statuscode_validation" time="1.06"/>
  <testcase classname="servicetester.test.DataDriverTest" name="soaprequest_response_with_ignore_nodes_validation" time="0.007"/>
  <testcase classname="servicetester.test.DataDriverTest" name="soaprequest_response_with_ignore_nodes_validation" time="0.007"/>
</testsuite> <!-- Test -->
