<?xml version="1.0" encoding="UTF-8"?>
<testng-results ignored="0" total="6" passed="6" failed="0" skipped="0">
  <reporter-output>
  </reporter-output>
  <suite started-at="2019-05-17T07:35:01Z" name="Default suite" finished-at="2019-05-17T07:35:06Z" duration-ms="4601">
    <groups>
    </groups>
    <test started-at="2019-05-17T07:35:01Z" name="Default test" finished-at="2019-05-17T07:35:06Z" duration-ms="4601">
      <class name="servicetester.test.DataDriverTest">
        <test-method is-config="true" signature="beforeTest(org.testng.ITestContext)[pri:0, instance:servicetester.test.DataDriverTest@21129f1f]" started-at="2019-05-17T07:35:01Z" name="beforeTest" finished-at="2019-05-17T07:35:01Z" duration-ms="11" status="PASS">
          <params>
            <param index="0">
              <value>
                <![CDATA[org.testng.TestRunner@6002e944]]>
              </value>
            </param>
          </params>
          <reporter-output>
          </reporter-output>
        </test-method> <!-- beforeTest -->
        <test-method is-config="true" signature="beforeMethod(java.lang.reflect.Method)[pri:0, instance:servicetester.test.DataDriverTest@21129f1f]" started-at="2019-05-17T07:35:02Z" name="beforeMethod" finished-at="2019-05-17T07:35:02Z" duration-ms="3" status="PASS">
          <params>
            <param index="0">
              <value>
                <![CDATA[public void servicetester.test.DataDriverTest.compare_responce_expected_with_actual_soapresponce_first(java.lang.String,java.lang.String,java.lang.String,java.lang.String,java.lang.String,java.lang.String,java.lang.String) throws java.io.FileNotFoundException]]>
              </value>
            </param>
          </params>
          <reporter-output>
          </reporter-output>
        </test-method> <!-- beforeMethod -->
        <test-method signature="compare_responce_expected_with_actual_soapresponce_first(java.lang.String, java.lang.String, java.lang.String, java.lang.String, java.lang.String, java.lang.String, java.lang.String)[pri:0, instance:servicetester.test.DataDriverTest@21129f1f]" started-at="2019-05-17T07:35:02Z" name="compare_responce_expected_with_actual_soapresponce_first" data-provider="inputDataProvider" finished-at="2019-05-17T07:35:02Z" duration-ms="56" status="PASS">
          <params>
            <param index="0">
              <value>
                <![CDATA[1]]>
              </value>
            </param>
            <param index="1">
              <value>
                <![CDATA[SoapRequest_LatLonListZipCode_1.xml]]>
              </value>
            </param>
            <param index="2">
              <value>
                <![CDATA[SoapResponse_LatLonListZipCode_1.xml]]>
              </value>
            </param>
            <param index="3">
              <value>
                <![CDATA[LatLonListZipCode2.xml]]>
              </value>
            </param>
            <param index="4">
              <value>
                <![CDATA[]]>
              </value>
            </param>
            <param index="5">
              <value>
                <![CDATA[]]>
              </value>
            </param>
            <param index="6">
              <value>
                <![CDATA[]]>
              </value>
            </param>
          </params>
          <reporter-output>
          </reporter-output>
        </test-method> <!-- compare_responce_expected_with_actual_soapresponce_first -->
        <test-method is-config="true" signature="afterMethod()[pri:0, instance:servicetester.test.DataDriverTest@21129f1f]" started-at="2019-05-17T07:35:02Z" name="afterMethod" finished-at="2019-05-17T07:35:02Z" duration-ms="201" status="PASS">
          <reporter-output>
          </reporter-output>
        </test-method> <!-- afterMethod -->
        <test-method signature="compare_responce_expected_with_actual_soapresponce_first(java.lang.String, java.lang.String, java.lang.String, java.lang.String, java.lang.String, java.lang.String, java.lang.String)[pri:0, instance:servicetester.test.DataDriverTest@21129f1f]" started-at="2019-05-17T07:35:02Z" name="compare_responce_expected_with_actual_soapresponce_first" data-provider="inputDataProvider" finished-at="2019-05-17T07:35:02Z" duration-ms="10" status="PASS">
          <params>
            <param index="0">
              <value>
                <![CDATA[2]]>
              </value>
            </param>
            <param index="1">
              <value>
                <![CDATA[SoapRequest_LatLonListZipCode_2.xml]]>
              </value>
            </param>
            <param index="2">
              <value>
                <![CDATA[SoapResponse_LatLonListZipCode_2.xml]]>
              </value>
            </param>
            <param index="3">
              <value>
                <![CDATA[LatLonListZipCode.xml]]>
              </value>
            </param>
            <param index="4">
              <value>
                <![CDATA[]]>
              </value>
            </param>
            <param index="5">
              <value>
                <![CDATA[]]>
              </value>
            </param>
            <param index="6">
              <value>
                <![CDATA[]]>
              </value>
            </param>
          </params>
          <reporter-output>
          </reporter-output>
        </test-method> <!-- compare_responce_expected_with_actual_soapresponce_first -->
        <test-method is-config="true" signature="beforeMethod(java.lang.reflect.Method)[pri:0, instance:servicetester.test.DataDriverTest@21129f1f]" started-at="2019-05-17T07:35:02Z" name="beforeMethod" finished-at="2019-05-17T07:35:02Z" duration-ms="0" status="PASS">
          <params>
            <param index="0">
              <value>
                <![CDATA[public void servicetester.test.DataDriverTest.compare_responce_expected_with_actual_soapresponce_first(java.lang.String,java.lang.String,java.lang.String,java.lang.String,java.lang.String,java.lang.String,java.lang.String) throws java.io.FileNotFoundException]]>
              </value>
            </param>
          </params>
          <reporter-output>
          </reporter-output>
        </test-method> <!-- beforeMethod -->
        <test-method is-config="true" signature="afterMethod()[pri:0, instance:servicetester.test.DataDriverTest@21129f1f]" started-at="2019-05-17T07:35:02Z" name="afterMethod" finished-at="2019-05-17T07:35:02Z" duration-ms="27" status="PASS">
          <reporter-output>
          </reporter-output>
        </test-method> <!-- afterMethod -->
        <test-method is-config="true" signature="beforeMethod(java.lang.reflect.Method)[pri:0, instance:servicetester.test.DataDriverTest@21129f1f]" started-at="2019-05-17T07:35:02Z" name="beforeMethod" finished-at="2019-05-17T07:35:02Z" duration-ms="1" status="PASS">
          <params>
            <param index="0">
              <value>
                <![CDATA[public void servicetester.test.DataDriverTest.soaprequest_response_statuscode_validation(java.lang.String,java.lang.String,java.lang.String,java.lang.String,java.lang.String,java.lang.String,java.lang.String) throws java.io.IOException]]>
              </value>
            </param>
          </params>
          <reporter-output>
          </reporter-output>
        </test-method> <!-- beforeMethod -->
        <test-method signature="soaprequest_response_statuscode_validation(java.lang.String, java.lang.String, java.lang.String, java.lang.String, java.lang.String, java.lang.String, java.lang.String)[pri:0, instance:servicetester.test.DataDriverTest@21129f1f]" started-at="2019-05-17T07:35:02Z" name="soaprequest_response_statuscode_validation" data-provider="inputDataProvider" finished-at="2019-05-17T07:35:05Z" duration-ms="2470" status="PASS">
          <params>
            <param index="0">
              <value>
                <![CDATA[1]]>
              </value>
            </param>
            <param index="1">
              <value>
                <![CDATA[SoapRequest_LatLonListZipCode_1.xml]]>
              </value>
            </param>
            <param index="2">
              <value>
                <![CDATA[SoapResponse_LatLonListZipCode_1.xml]]>
              </value>
            </param>
            <param index="3">
              <value>
                <![CDATA[LatLonListZipCode2.xml]]>
              </value>
            </param>
            <param index="4">
              <value>
                <![CDATA[]]>
              </value>
            </param>
            <param index="5">
              <value>
                <![CDATA[]]>
              </value>
            </param>
            <param index="6">
              <value>
                <![CDATA[]]>
              </value>
            </param>
          </params>
          <reporter-output>
          </reporter-output>
        </test-method> <!-- soaprequest_response_statuscode_validation -->
        <test-method is-config="true" signature="afterMethod()[pri:0, instance:servicetester.test.DataDriverTest@21129f1f]" started-at="2019-05-17T07:35:05Z" name="afterMethod" finished-at="2019-05-17T07:35:05Z" duration-ms="28" status="PASS">
          <reporter-output>
          </reporter-output>
        </test-method> <!-- afterMethod -->
        <test-method is-config="true" signature="beforeMethod(java.lang.reflect.Method)[pri:0, instance:servicetester.test.DataDriverTest@21129f1f]" started-at="2019-05-17T07:35:05Z" name="beforeMethod" finished-at="2019-05-17T07:35:05Z" duration-ms="0" status="PASS">
          <params>
            <param index="0">
              <value>
                <![CDATA[public void servicetester.test.DataDriverTest.soaprequest_response_statuscode_validation(java.lang.String,java.lang.String,java.lang.String,java.lang.String,java.lang.String,java.lang.String,java.lang.String) throws java.io.IOException]]>
              </value>
            </param>
          </params>
          <reporter-output>
          </reporter-output>
        </test-method> <!-- beforeMethod -->
        <test-method signature="soaprequest_response_statuscode_validation(java.lang.String, java.lang.String, java.lang.String, java.lang.String, java.lang.String, java.lang.String, java.lang.String)[pri:0, instance:servicetester.test.DataDriverTest@21129f1f]" started-at="2019-05-17T07:35:05Z" name="soaprequest_response_statuscode_validation" data-provider="inputDataProvider" finished-at="2019-05-17T07:35:06Z" duration-ms="1199" status="PASS">
          <params>
            <param index="0">
              <value>
                <![CDATA[2]]>
              </value>
            </param>
            <param index="1">
              <value>
                <![CDATA[SoapRequest_LatLonListZipCode_2.xml]]>
              </value>
            </param>
            <param index="2">
              <value>
                <![CDATA[SoapResponse_LatLonListZipCode_2.xml]]>
              </value>
            </param>
            <param index="3">
              <value>
                <![CDATA[LatLonListZipCode.xml]]>
              </value>
            </param>
            <param index="4">
              <value>
                <![CDATA[]]>
              </value>
            </param>
            <param index="5">
              <value>
                <![CDATA[]]>
              </value>
            </param>
            <param index="6">
              <value>
                <![CDATA[]]>
              </value>
            </param>
          </params>
          <reporter-output>
          </reporter-output>
        </test-method> <!-- soaprequest_response_statuscode_validation -->
        <test-method is-config="true" signature="afterMethod()[pri:0, instance:servicetester.test.DataDriverTest@21129f1f]" started-at="2019-05-17T07:35:06Z" name="afterMethod" finished-at="2019-05-17T07:35:06Z" duration-ms="50" status="PASS">
          <reporter-output>
          </reporter-output>
        </test-method> <!-- afterMethod -->
        <test-method signature="soaprequest_response_with_ignore_nodes_validation(java.lang.String, java.lang.String, java.lang.String, java.lang.String, java.lang.String, java.lang.String, java.lang.String)[pri:0, instance:servicetester.test.DataDriverTest@21129f1f]" started-at="2019-05-17T07:35:06Z" name="soaprequest_response_with_ignore_nodes_validation" data-provider="inputDataProvider" finished-at="2019-05-17T07:35:06Z" duration-ms="9" status="PASS">
          <params>
            <param index="0">
              <value>
                <![CDATA[1]]>
              </value>
            </param>
            <param index="1">
              <value>
                <![CDATA[SoapRequest_LatLonListZipCode_1.xml]]>
              </value>
            </param>
            <param index="2">
              <value>
                <![CDATA[SoapResponse_LatLonListZipCode_1.xml]]>
              </value>
            </param>
            <param index="3">
              <value>
                <![CDATA[LatLonListZipCode2.xml]]>
              </value>
            </param>
            <param index="4">
              <value>
                <![CDATA[]]>
              </value>
            </param>
            <param index="5">
              <value>
                <![CDATA[]]>
              </value>
            </param>
            <param index="6">
              <value>
                <![CDATA[]]>
              </value>
            </param>
          </params>
          <reporter-output>
          </reporter-output>
        </test-method> <!-- soaprequest_response_with_ignore_nodes_validation -->
        <test-method is-config="true" signature="beforeMethod(java.lang.reflect.Method)[pri:0, instance:servicetester.test.DataDriverTest@21129f1f]" started-at="2019-05-17T07:35:06Z" name="beforeMethod" finished-at="2019-05-17T07:35:06Z" duration-ms="0" status="PASS">
          <params>
            <param index="0">
              <value>
                <![CDATA[public void servicetester.test.DataDriverTest.soaprequest_response_with_ignore_nodes_validation(java.lang.String,java.lang.String,java.lang.String,java.lang.String,java.lang.String,java.lang.String,java.lang.String) throws java.io.FileNotFoundException]]>
              </value>
            </param>
          </params>
          <reporter-output>
          </reporter-output>
        </test-method> <!-- beforeMethod -->
        <test-method is-config="true" signature="afterMethod()[pri:0, instance:servicetester.test.DataDriverTest@21129f1f]" started-at="2019-05-17T07:35:06Z" name="afterMethod" finished-at="2019-05-17T07:35:06Z" duration-ms="20" status="PASS">
          <reporter-output>
          </reporter-output>
        </test-method> <!-- afterMethod -->
        <test-method is-config="true" signature="beforeMethod(java.lang.reflect.Method)[pri:0, instance:servicetester.test.DataDriverTest@21129f1f]" started-at="2019-05-17T07:35:06Z" name="beforeMethod" finished-at="2019-05-17T07:35:06Z" duration-ms="0" status="PASS">
          <params>
            <param index="0">
              <value>
                <![CDATA[public void servicetester.test.DataDriverTest.soaprequest_response_with_ignore_nodes_validation(java.lang.String,java.lang.String,java.lang.String,java.lang.String,java.lang.String,java.lang.String,java.lang.String) throws java.io.FileNotFoundException]]>
              </value>
            </param>
          </params>
          <reporter-output>
          </reporter-output>
        </test-method> <!-- beforeMethod -->
        <test-method signature="soaprequest_response_with_ignore_nodes_validation(java.lang.String, java.lang.String, java.lang.String, java.lang.String, java.lang.String, java.lang.String, java.lang.String)[pri:0, instance:servicetester.test.DataDriverTest@21129f1f]" started-at="2019-05-17T07:35:06Z" name="soaprequest_response_with_ignore_nodes_validation" data-provider="inputDataProvider" finished-at="2019-05-17T07:35:06Z" duration-ms="9" status="PASS">
          <params>
            <param index="0">
              <value>
                <![CDATA[2]]>
              </value>
            </param>
            <param index="1">
              <value>
                <![CDATA[SoapRequest_LatLonListZipCode_2.xml]]>
              </value>
            </param>
            <param index="2">
              <value>
                <![CDATA[SoapResponse_LatLonListZipCode_2.xml]]>
              </value>
            </param>
            <param index="3">
              <value>
                <![CDATA[LatLonListZipCode.xml]]>
              </value>
            </param>
            <param index="4">
              <value>
                <![CDATA[]]>
              </value>
            </param>
            <param index="5">
              <value>
                <![CDATA[]]>
              </value>
            </param>
            <param index="6">
              <value>
                <![CDATA[]]>
              </value>
            </param>
          </params>
          <reporter-output>
          </reporter-output>
        </test-method> <!-- soaprequest_response_with_ignore_nodes_validation -->
        <test-method is-config="true" signature="afterMethod()[pri:0, instance:servicetester.test.DataDriverTest@21129f1f]" started-at="2019-05-17T07:35:06Z" name="afterMethod" finished-at="2019-05-17T07:35:06Z" duration-ms="25" status="PASS">
          <reporter-output>
          </reporter-output>
        </test-method> <!-- afterMethod -->
        <test-method is-config="true" signature="afterTest(org.testng.ITestContext)[pri:0, instance:servicetester.test.DataDriverTest@21129f1f]" started-at="2019-05-17T07:35:06Z" name="afterTest" finished-at="2019-05-17T07:35:06Z" duration-ms="1" status="PASS">
          <params>
            <param index="0">
              <value>
                <![CDATA[org.testng.TestRunner@6002e944]]>
              </value>
            </param>
          </params>
          <reporter-output>
          </reporter-output>
        </test-method> <!-- afterTest -->
        <test-method is-config="true" signature="afterSuite()[pri:0, instance:servicetester.test.DataDriverTest@21129f1f]" started-at="2019-05-17T07:35:06Z" name="afterSuite" finished-at="2019-05-17T07:35:06Z" duration-ms="26" status="PASS">
          <reporter-output>
          </reporter-output>
        </test-method> <!-- afterSuite -->
      </class> <!-- servicetester.test.DataDriverTest -->
    </test> <!-- Default test -->
  </suite> <!-- Default suite -->
</testng-results>
