<?xml version="1.0" encoding="UTF-8"?>
<!-- Generated by org.testng.reporters.JUnitXMLReporter -->
<testsuite ignored="0" hostname="U5-DPE-CPB-0221" failures="0" tests="6" name="Default test" time="4.601" errors="0" timestamp="17 May 2019 07:35:06 GMT">
  <testcase classname="servicetester.test.DataDriverTest" name="compare_responce_expected_with_actual_soapresponce_first" time="0.056"/>
  <testcase classname="servicetester.test.DataDriverTest" name="compare_responce_expected_with_actual_soapresponce_first" time="0.01"/>
  <testcase classname="servicetester.test.DataDriverTest" name="soaprequest_response_statuscode_validation" time="2.47"/>
  <testcase classname="servicetester.test.DataDriverTest" name="soaprequest_response_statuscode_validation" time="1.199"/>
  <testcase classname="servicetester.test.DataDriverTest" name="soaprequest_response_with_ignore_nodes_validation" time="0.009"/>
  <testcase classname="servicetester.test.DataDriverTest" name="soaprequest_response_with_ignore_nodes_validation" time="0.009"/>
</testsuite> <!-- Default test -->
